#
# There is insufficient memory for the Java Runtime Environment to continue.
# Native memory allocation (malloc) failed to allocate 131088 bytes for Chunk::new
# Possible reasons:
#   The system is out of physical RAM or swap space
#   In 32 bit mode, the process size limit was hit
# Possible solutions:
#   Reduce memory load on the system
#   Increase physical memory or swap space
#   Check if swap backing store is full
#   Use 64 bit Java on a 64 bit OS
#   Decrease Java heap size (-Xmx/-Xms)
#   Decrease number of Java threads
#   Decrease Java thread stack sizes (-Xss)
#   Set larger code cache with -XX:ReservedCodeCacheSize=
# This output file may be truncated or incomplete.
#
#  Out of Memory Error (allocation.cpp:390), pid=6796, tid=7648
#
# JRE version: Java(TM) SE Runtime Environment (8.0_60-b27) (build 1.8.0_60-b27)
# Java VM: Java HotSpot(TM) 64-Bit Server VM (25.60-b23 mixed mode windows-amd64 compressed oops)
# Failed to write core dump. Minidumps are not enabled by default on client versions of Windows
#

---------------  T H R E A D  ---------------

Current thread (0x0000000014ef4000):  JavaThread "C2 CompilerThread0" daemon [_thread_in_native, id=7648, stack(0x0000000016550000,0x0000000016650000)]

Stack: [0x0000000016550000,0x0000000016650000]
[error occurred during error reporting (printing stack bounds), id 0xc0000005]

Native frames: (J=compiled Java code, j=interpreted, Vv=VM code, C=native code)


Current CompileTask:
C2:    765  573       4       com.android.dx.merge.IndexMap$EncodedValueTransformer::transform (543 bytes)


---------------  P R O C E S S  ---------------

Java Threads: ( => current thread )
  0x0000000016880800 JavaThread "Service Thread" daemon [_thread_blocked, id=776, stack(0x0000000016c50000,0x0000000016d50000)]
  0x0000000014f01800 JavaThread "C1 CompilerThread2" daemon [_thread_blocked, id=740, stack(0x0000000016750000,0x0000000016850000)]
  0x0000000014efb800 JavaThread "C2 CompilerThread1" daemon [_thread_in_native, id=3312, stack(0x0000000016650000,0x0000000016750000)]
=>0x0000000014ef4000 JavaThread "C2 CompilerThread0" daemon [_thread_in_native, id=7648, stack(0x0000000016550000,0x0000000016650000)]
  0x0000000014ef2800 JavaThread "Attach Listener" daemon [_thread_blocked, id=5004, stack(0x0000000016450000,0x0000000016550000)]
  0x0000000014ef1800 JavaThread "Signal Dispatcher" daemon [_thread_blocked, id=6812, stack(0x0000000016350000,0x0000000016450000)]
  0x000000000281c000 JavaThread "Finalizer" daemon [_thread_blocked, id=4148, stack(0x0000000016140000,0x0000000016240000)]
  0x0000000002813800 JavaThread "Reference Handler" daemon [_thread_blocked, id=6376, stack(0x0000000016040000,0x0000000016140000)]
  0x0000000002724000 JavaThread "main" [_thread_in_Java, id=10184, stack(0x0000000002580000,0x0000000002680000)]

Other Threads:
  0x0000000014eb7800 VMThread [stack: 0x0000000015f40000,0x0000000016040000] [id=5344]
  0x0000000016884000 WatcherThread [stack: 0x0000000016d50000,0x0000000016e50000] [id=1200]

VM state:not at safepoint (normal execution)

VM Mutex/Monitor currently owned by a thread: None

Heap:
 PSYoungGen      total 70656K, used 22073K [0x00000000eab00000, 0x00000000ef500000, 0x0000000100000000)
  eden space 65536K, 25% used [0x00000000eab00000,0x00000000ebb8ec60,0x00000000eeb00000)
  from space 5120K, 99% used [0x00000000ef000000,0x00000000ef4ffb00,0x00000000ef500000)
  to   space 5120K, 0% used [0x00000000eeb00000,0x00000000eeb00000,0x00000000ef000000)
 ParOldGen       total 86016K, used 23638K [0x00000000c0000000, 0x00000000c5400000, 0x00000000eab00000)
  object space 86016K, 27% used [0x00000000c0000000,0x00000000c1715b28,0x00000000c5400000)
 Metaspace       used 3976K, capacity 5136K, committed 5376K, reserved 1056768K
  class space    used 426K, capacity 456K, committed 512K, reserved 1048576K

Card table byte_map: [0x0000000011be0000,0x0000000011df0000] byte_map_base: 0x00000000115e0000

Marking Bits: (ParMarkBitMap*) 0x000000006f7fa5b0
 Begin Bits: [0x0000000012350000, 0x0000000013350000)
 End Bits:   [0x0000000013350000, 0x0000000014350000)

Polling page: 0x00000000003a0000

CodeCache: size=245760Kb used=2364Kb max_used=2364Kb free=243395Kb
 bounds [0x0000000002820000, 0x0000000002a90000, 0x0000000011820000]
 total_blobs=833 nmethods=578 adapters=168
 compilation: enabled

Compilation events (10 events):
Event: 0.761 Thread 0x0000000014f01800  590       3       com.android.dx.merge.IndexMap::putAnnotationOffset (33 bytes)
Event: 0.762 Thread 0x0000000014f01800 nmethod 590 0x0000000002a65050 code [0x0000000002a65240, 0x0000000002a65a78]
Event: 0.762 Thread 0x0000000014f01800  593       2       com.android.dx.merge.DexMerger$9::write (12 bytes)
Event: 0.762 Thread 0x0000000014f01800 nmethod 593 0x0000000002a6fcd0 code [0x0000000002a6fe40, 0x0000000002a70058]
Event: 0.762 Thread 0x0000000014f01800  594       2       com.android.dex.Annotation::writeTo (17 bytes)
Event: 0.762 Thread 0x0000000014f01800 nmethod 594 0x0000000002a64a90 code [0x0000000002a64c00, 0x0000000002a64df8]
Event: 0.762 Thread 0x0000000014f01800  595       2       com.android.dex.EncodedValue::writeTo (9 bytes)
Event: 0.763 Thread 0x0000000014f01800 nmethod 595 0x0000000002a702d0 code [0x0000000002a70440, 0x0000000002a705e8]
Event: 0.763 Thread 0x0000000014f01800  591       3       com.android.dx.merge.DexMerger$9::write (9 bytes)
Event: 0.763 Thread 0x0000000014f01800 nmethod 591 0x0000000002a70750 code [0x0000000002a70920, 0x0000000002a71218]

GC Heap History (4 events):
Event: 0.290 GC heap before
{Heap before GC invocations=1 (full 0):
 PSYoungGen      total 37888K, used 26218K [0x00000000eab00000, 0x00000000ed500000, 0x0000000100000000)
  eden space 32768K, 80% used [0x00000000eab00000,0x00000000ec49aa38,0x00000000ecb00000)
  from space 5120K, 0% used [0x00000000ed000000,0x00000000ed000000,0x00000000ed500000)
  to   space 5120K, 0% used [0x00000000ecb00000,0x00000000ecb00000,0x00000000ed000000)
 ParOldGen       total 86016K, used 0K [0x00000000c0000000, 0x00000000c5400000, 0x00000000eab00000)
  object space 86016K, 0% used [0x00000000c0000000,0x00000000c0000000,0x00000000c5400000)
 Metaspace       used 3659K, capacity 4944K, committed 5120K, reserved 1056768K
  class space    used 404K, capacity 456K, committed 512K, reserved 1048576K
Event: 0.294 GC heap after
Heap after GC invocations=1 (full 0):
 PSYoungGen      total 37888K, used 5118K [0x00000000eab00000, 0x00000000ef500000, 0x0000000100000000)
  eden space 32768K, 0% used [0x00000000eab00000,0x00000000eab00000,0x00000000ecb00000)
  from space 5120K, 99% used [0x00000000ecb00000,0x00000000ecfffb00,0x00000000ed000000)
  to   space 5120K, 0% used [0x00000000ef000000,0x00000000ef000000,0x00000000ef500000)
 ParOldGen       total 86016K, used 4916K [0x00000000c0000000, 0x00000000c5400000, 0x00000000eab00000)
  object space 86016K, 5% used [0x00000000c0000000,0x00000000c04cd2b8,0x00000000c5400000)
 Metaspace       used 3659K, capacity 4944K, committed 5120K, reserved 1056768K
  class space    used 404K, capacity 456K, committed 512K, reserved 1048576K
}
Event: 0.589 GC heap before
{Heap before GC invocations=2 (full 0):
 PSYoungGen      total 37888K, used 37886K [0x00000000eab00000, 0x00000000ef500000, 0x0000000100000000)
  eden space 32768K, 100% used [0x00000000eab00000,0x00000000ecb00000,0x00000000ecb00000)
  from space 5120K, 99% used [0x00000000ecb00000,0x00000000ecfffb00,0x00000000ed000000)
  to   space 5120K, 0% used [0x00000000ef000000,0x00000000ef000000,0x00000000ef500000)
 ParOldGen       total 86016K, used 4916K [0x00000000c0000000, 0x00000000c5400000, 0x00000000eab00000)
  object space 86016K, 5% used [0x00000000c0000000,0x00000000c04cd2b8,0x00000000c5400000)
 Metaspace       used 3862K, capacity 5008K, committed 5120K, reserved 1056768K
  class space    used 420K, capacity 456K, committed 512K, reserved 1048576K
Event: 0.597 GC heap after
Heap after GC invocations=2 (full 0):
 PSYoungGen      total 70656K, used 5118K [0x00000000eab00000, 0x00000000ef500000, 0x0000000100000000)
  eden space 65536K, 0% used [0x00000000eab00000,0x00000000eab00000,0x00000000eeb00000)
  from space 5120K, 99% used [0x00000000ef000000,0x00000000ef4ffb00,0x00000000ef500000)
  to   space 5120K, 0% used [0x00000000eeb00000,0x00000000eeb00000,0x00000000ef000000)
 ParOldGen       total 86016K, used 23638K [0x00000000c0000000, 0x00000000c5400000, 0x00000000eab00000)
  object space 86016K, 27% used [0x00000000c0000000,0x00000000c1715b28,0x00000000c5400000)
 Metaspace       used 3862K, capacity 5008K, committed 5120K, reserved 1056768K
  class space    used 420K, capacity 456K, committed 512K, reserved 1048576K
}

Deoptimization events (10 events):
Event: 0.555 Thread 0x0000000002724000 Uncommon trap: reason=bimorphic action=maybe_recompile pc=0x0000000002a1bd90 method=com.android.dx.merge.DexMerger$IdMerger.readIntoMap(Lcom/android/dex/Dex$Section;Lcom/android/dex/TableOfContents$Section;Lcom/android/dx/merge/IndexMap;ILjava/util/TreeMap
Event: 0.555 Thread 0x0000000002724000 Uncommon trap: reason=bimorphic action=maybe_recompile pc=0x0000000002a1bd90 method=com.android.dx.merge.DexMerger$IdMerger.readIntoMap(Lcom/android/dex/Dex$Section;Lcom/android/dex/TableOfContents$Section;Lcom/android/dx/merge/IndexMap;ILjava/util/TreeMap¤ê­Áá?
Event: 0.555 Thread 0x0000000002724000 Uncommon trap: reason=bimorphic action=maybe_recompile pc=0x0000000002a1bd90 method=com.android.dx.merge.DexMerger$IdMerger.readIntoMap(Lcom/android/dex/Dex$Section;Lcom/android/dex/TableOfContents$Section;Lcom/android/dx/merge/IndexMap;ILjava/util/TreeMap9é"jã?
Event: 0.607 Thread 0x0000000002724000 Uncommon trap: reason=unstable_if action=reinterpret pc=0x00000000029cee48 method=java.util.AbstractMap.isEmpty()Z @ 4
Event: 0.665 Thread 0x0000000002724000 Uncommon trap: reason=class_check action=maybe_recompile pc=0x00000000029cc470 method=com.android.dex.Leb128.readUnsignedLeb128(Lcom/android/dex/util/ByteInput;)I @ 5
Event: 0.665 Thread 0x0000000002724000 Uncommon trap: reason=class_check action=maybe_recompile pc=0x00000000029cc470 method=com.android.dex.Leb128.readUnsignedLeb128(Lcom/android/dex/util/ByteInput;)I @ 5
Event: 0.666 Thread 0x0000000002724000 Uncommon trap: reason=predicate action=maybe_recompile pc=0x00000000029ccc08 method=com.android.dex.Leb128.writeUnsignedLeb128(Lcom/android/dex/util/ByteOutput;I)V @ 9
Event: 0.666 Thread 0x0000000002724000 Uncommon trap: reason=class_check action=maybe_recompile pc=0x00000000029cc470 method=com.android.dex.Leb128.readUnsignedLeb128(Lcom/android/dex/util/ByteInput;)I @ 5
Event: 0.666 Thread 0x0000000002724000 Uncommon trap: reason=class_check action=maybe_recompile pc=0x00000000029cc470 method=com.android.dex.Leb128.readUnsignedLeb128(Lcom/android/dex/util/ByteInput;)I @ 5
Event: 0.681 Thread 0x0000000002724000 Uncommon trap: reason=predicate action=maybe_recompile pc=0x0000000002a5524c method=com.android.dex.Leb128.readUnsignedLeb128(Lcom/android/dex/util/ByteInput;)I @ 41

Internal exceptions (2 events):
Event: 0.044 Thread 0x0000000002724000 Exception <a 'java/lang/NoSuchMethodError': Method sun.misc.Unsafe.defineClass(Ljava/lang/String;[BII)Ljava/lang/Class; name or signature does not match> (0x00000000eab0f3e8) thrown at [C:\re\workspace\8-2-build-windows-amd64-cygwin\jdk8u60\4407\hotspot\sr_Üüu]¦?
Event: 0.044 Thread 0x0000000002724000 Exception <a 'java/lang/NoSuchMethodError': Method sun.misc.Unsafe.prefetchRead(Ljava/lang/Object;J)V name or signature does not match> (0x00000000eab0f6d0) thrown at [C:\re\workspace\8-2-build-windows-amd64-cygwin\jdk8u60\4407\hotspot\src\share\vm\prims\j

Events (10 events):
Event: 0.666 loading class com/android/dex/EncodedValueCodec done
Event: 0.666 Thread 0x0000000002724000 Uncommon trap: trap_request=0xffffffde fr.pc=0x00000000029cc470
Event: 0.666 Thread 0x0000000002724000 DEOPT PACKING pc=0x00000000029cc470 sp=0x000000000267ebe0
Event: 0.666 Thread 0x0000000002724000 DEOPT UNPACKING pc=0x000000000286582a sp=0x000000000267eb90 mode 2
Event: 0.666 Thread 0x0000000002724000 Uncommon trap: trap_request=0xffffffde fr.pc=0x00000000029cc470
Event: 0.666 Thread 0x0000000002724000 DEOPT PACKING pc=0x00000000029cc470 sp=0x000000000267ebe0
Event: 0.666 Thread 0x0000000002724000 DEOPT UNPACKING pc=0x000000000286582a sp=0x000000000267eb90 mode 2
Event: 0.681 Thread 0x0000000002724000 Uncommon trap: trap_request=0xffffff86 fr.pc=0x0000000002a5524c
Event: 0.681 Thread 0x0000000002724000 DEOPT PACKING pc=0x0000000002a5524c sp=0x000000000267ebf0
Event: 0.681 Thread 0x0000000002724000 DEOPT UNPACKING pc=0x000000000286582a sp=0x000000000267eba0 mode 2


Dynamic libraries:
0x00007ff7f4fc0000 - 0x00007ff7f4ff7000 	C:\PROGRA~1\Java\JDK18~1.0_6\bin\java.exe
0x00007ff9d64a0000 - 0x00007ff9d6690000 	C:\WINDOWS\SYSTEM32\ntdll.dll
0x00007ff9d60f0000 - 0x00007ff9d61a2000 	C:\WINDOWS\System32\KERNEL32.DLL
0x00007ff9d36e0000 - 0x00007ff9d3985000 	C:\WINDOWS\System32\KERNELBASE.dll
0x00007ff9d0810000 - 0x00007ff9d089f000 	C:\WINDOWS\SYSTEM32\apphelp.dll
0x00007ff9d3d60000 - 0x00007ff9d3e03000 	C:\WINDOWS\System32\ADVAPI32.dll
0x00007ff9d6040000 - 0x00007ff9d60de000 	C:\WINDOWS\System32\msvcrt.dll
0x00007ff9d5ed0000 - 0x00007ff9d5f67000 	C:\WINDOWS\System32\sechost.dll
0x00007ff9d4760000 - 0x00007ff9d4880000 	C:\WINDOWS\System32\RPCRT4.dll
0x00007ff9d4380000 - 0x00007ff9d4514000 	C:\WINDOWS\System32\USER32.dll
0x00007ff9d3b90000 - 0x00007ff9d3bb1000 	C:\WINDOWS\System32\win32u.dll
0x00007ff9d5360000 - 0x00007ff9d5386000 	C:\WINDOWS\System32\GDI32.dll
0x00007ff9d2b90000 - 0x00007ff9d2d26000 	C:\WINDOWS\System32\gdi32full.dll
0x00007ff9d2aa0000 - 0x00007ff9d2b3e000 	C:\WINDOWS\System32\msvcp_win.dll
0x00007ff9d3560000 - 0x00007ff9d365a000 	C:\WINDOWS\System32\ucrtbase.dll
0x00007ff9c3010000 - 0x00007ff9c3294000 	C:\WINDOWS\WinSxS\amd64_microsoft.windows.common-controls_6595b64144ccf1df_6.0.18362.1139_none_9e7bf2d3e4605ac6\COMCTL32.dll
0x00007ff9d5950000 - 0x00007ff9d5c85000 	C:\WINDOWS\System32\combase.dll
0x00007ff9d3660000 - 0x00007ff9d36e0000 	C:\WINDOWS\System32\bcryptPrimitives.dll
0x00007ff9d5390000 - 0x00007ff9d53be000 	C:\WINDOWS\System32\IMM32.DLL
0x000000006f880000 - 0x000000006f952000 	C:\PROGRA~1\Java\JDK18~1.0_6\jre\bin\msvcr100.dll
0x000000006eff0000 - 0x000000006f879000 	C:\PROGRA~1\Java\JDK18~1.0_6\jre\bin\server\jvm.dll
0x00007ff9d4750000 - 0x00007ff9d4758000 	C:\WINDOWS\System32\PSAPI.DLL
0x00007ff9d14d0000 - 0x00007ff9d14da000 	C:\WINDOWS\SYSTEM32\VERSION.dll
0x00007ff9d06a0000 - 0x00007ff9d06c4000 	C:\WINDOWS\SYSTEM32\WINMM.dll
0x00007ff9cbd70000 - 0x00007ff9cbd79000 	C:\WINDOWS\SYSTEM32\WSOCK32.dll
0x00007ff9d5d10000 - 0x00007ff9d5d7f000 	C:\WINDOWS\System32\WS2_32.dll
0x00007ff9d0570000 - 0x00007ff9d059d000 	C:\WINDOWS\SYSTEM32\winmmbase.dll
0x00007ff9d2b40000 - 0x00007ff9d2b8a000 	C:\WINDOWS\System32\cfgmgr32.dll
0x000000006efe0000 - 0x000000006efef000 	C:\PROGRA~1\Java\JDK18~1.0_6\jre\bin\verify.dll
0x000000006efb0000 - 0x000000006efd9000 	C:\PROGRA~1\Java\JDK18~1.0_6\jre\bin\java.dll
0x000000006ef90000 - 0x000000006efa6000 	C:\PROGRA~1\Java\JDK18~1.0_6\jre\bin\zip.dll
0x00007ff9d4c70000 - 0x00007ff9d5357000 	C:\WINDOWS\System32\SHELL32.dll
0x00007ff9d5f70000 - 0x00007ff9d6019000 	C:\WINDOWS\System32\shcore.dll
0x00007ff9d2d30000 - 0x00007ff9d34b0000 	C:\WINDOWS\System32\windows.storage.dll
0x00007ff9d2a70000 - 0x00007ff9d2a93000 	C:\WINDOWS\System32\profapi.dll
0x00007ff9d29e0000 - 0x00007ff9d2a2a000 	C:\WINDOWS\System32\powrprof.dll
0x00007ff9d29d0000 - 0x00007ff9d29e0000 	C:\WINDOWS\System32\UMPDC.dll
0x00007ff9d3bc0000 - 0x00007ff9d3c12000 	C:\WINDOWS\System32\shlwapi.dll
0x00007ff9d2a30000 - 0x00007ff9d2a41000 	C:\WINDOWS\System32\kernel.appcore.dll
0x00007ff9d3990000 - 0x00007ff9d39a7000 	C:\WINDOWS\System32\cryptsp.dll

VM Arguments:
jvm_args: -Xmx1024M -Xss1m -Djava.ext.dirs=G:\Backup\Embarcadero\Studio\20.0\CatalogRepository\AndroidSDK-2525_20.0.36039.7899\build-tools\28.0.2\lib 
java_command: G:\Backup\Embarcadero\Studio\20.0\CatalogRepository\AndroidSDK-2525_20.0.36039.7899\build-tools\28.0.2\lib\dx.jar --dex --output C:\Programacao\SysCedup\Fonte\Android\Debug\classes.dex c:\program files (x86)\embarcadero\studio\20.0\lib\android\Debug\android-support-v4.dex.jar c:\program files (x86)\embarcadero\studio\20.0\lib\android\Debug\cloud-messaging.dex.jar c:\program files (x86)\embarcadero\studio\20.0\lib\android\Debug\com-google-android-gms.play-services-ads-base.17.2.0.dex.jar c:\program files (x86)\embarcadero\studio\20.0\lib\android\Debug\com-google-android-gms.play-services-ads-identifier.16.0.0.dex.jar c:\program files (x86)\embarcadero\studio\20.0\lib\android\Debug\com-google-android-gms.play-services-ads-lite.17.2.0.dex.jar c:\program files (x86)\embarcadero\studio\20.0\lib\android\Debug\com-google-android-gms.play-services-ads.17.2.0.dex.jar c:\program files (x86)\embarcadero\studio\20.0\lib\android\Debug\com-google-android-gms.play-services-analytics-impl.16.0.8.dex.jar c:\program files (x86)\embarcadero\studio\20.0\lib\android\Debug\com-google-android-gms.play-services-analytics.16.0.8.dex.jar c:\program files (x86)\embarcadero\studio\20.0\lib\android\Debug\com-google-android-gms.play-services-base.16.0.1.dex.jar c:\program files (x86)\embarcadero\studio\20.0\lib\android\Debug\com-google-android-gms.play-services-basement.16.2.0.dex.jar c:\program files (x86)\embarcadero\studio\20.0\lib\android\Debug\com-google-android-gms.play-services-gass.17.2.0.dex.jar c:\program files (x86)\embarcadero\studio\20.0\lib\android\Debug\com-google-android-gms.play-services-identity.16.0.0.dex.jar c:\program files (x86)\embarcadero\studio\20.0\lib\android\Debug\com-google-android-gms.play-services-maps.16.1.0.dex.jar c:\program files (x86)\embarcadero\studio\20.0\lib\android\Debug\com-google-android-gms.play-services-measurement-base.16.4.0.dex.jar c:\program files (x86)\embarcadero\studio\20.0\lib\android\Debug\com-google-android-gms.play-services-
java_class_path (initial): G:\Backup\Embarcadero\Studio\20.0\CatalogRepository\AndroidSDK-2525_20.0.36039.7899\build-tools\28.0.2\lib\dx.jar
Launcher Type: SUN_STANDARD

Environment Variables:
PATH=C:\Program Files\Java\jdk1.8.0_60\bin;C:\Users\Public\Documents\Embarcadero\InterBase\redist\InterBase2020\IDE_spoof;C:\Python39\Scripts\;C:\Python39\;C:\Program Files (x86)\Common Files\Oracle\Java\javapath;C:\Program Files (x86)\Common Files\Intel\Shared Libraries\redist\intel64\compiler;G:\Arquivos\Program Files (x86)\Embarcadero\Studio\20.0\bin;C:\Users\Public\Documents\Embarcadero\Studio\20.0\Bpl;G:\Arquivos\Program Files (x86)\Embarcadero\Studio\20.0\bin64;C:\Users\Public\Documents\Embarcadero\Studio\20.0\Bpl\Win64;C:\Program Files (x86)\Embarcadero\Studio\20.0\bin;C:\Users\Public\Documents\Embarcadero\Studio\20.0\Bpl;C:\Program Files (x86)\Embarcadero\Studio\20.0\bin64;C:\Users\Public\Documents\Embarcadero\Studio\20.0\Bpl\Win64;G:\Arquivos de Instalação\Node JS\;C:\ProgramData\chocolatey\bin;G:\Arquivos de Instalação\Delphi New\documents\Embarcadero\Studio\20.0\Bpl;C:\Program Files\MySQL\MySQL Shell 8.0\bin\;C:\Users\Luiz\AppData\Local\Microsoft\WindowsApps;G:\Arquivos de Instalação\Delphi New\documents\Embarcadero\Studio\20.0\PlatformSDKs\android-sdk-windows\platform-tools;G:\Arquivos de Instalação\Microsoft VS Code\bin;C:\Users\Luiz\AppData\Roaming\npm 
USERNAME=Luiz
OS=Windows_NT
PROCESSOR_IDENTIFIER=Intel64 Family 6 Model 58 Stepping 9, GenuineIntel



---------------  S Y S T E M  ---------------

OS: Windows 10.0 , 64 bit Build 18362 (10.0.18362.1110)

CPU:total 4 (2 cores per cpu, 2 threads per core) family 6 model 58 stepping 9, cmov, cx8, fxsr, mmx, sse, sse2, sse3, ssse3, sse4.1, sse4.2, popcnt, avx, aes, clmul, erms, ht, tsc, tscinvbit, tscinv

Memory: 4k page, physical 8202600k(1286840k free), swap 8202600k(6540k free)

vm_info: Java HotSpot(TM) 64-Bit Server VM (25.60-b23) for windows-amd64 JRE (1.8.0_60-b27), built on Aug  4 2015 11:06:27 by "java_re" with MS VC++ 10.0 (VS2010)

time: Mon Nov 16 19:02:46 2020
elapsed time: 0 seconds (0d 0h 0m 0s)

