#
# There is insufficient memory for the Java Runtime Environment to continue.
# Native memory allocation (malloc) failed to allocate 1354416 bytes for Chunk::new
# Possible reasons:
#   The system is out of physical RAM or swap space
#   In 32 bit mode, the process size limit was hit
# Possible solutions:
#   Reduce memory load on the system
#   Increase physical memory or swap space
#   Check if swap backing store is full
#   Use 64 bit Java on a 64 bit OS
#   Decrease Java heap size (-Xmx/-Xms)
#   Decrease number of Java threads
#   Decrease Java thread stack sizes (-Xss)
#   Set larger code cache with -XX:ReservedCodeCacheSize=
# This output file may be truncated or incomplete.
#
#  Out of Memory Error (allocation.cpp:390), pid=5000, tid=11128
#
# JRE version: Java(TM) SE Runtime Environment (8.0_60-b27) (build 1.8.0_60-b27)
# Java VM: Java HotSpot(TM) 64-Bit Server VM (25.60-b23 mixed mode windows-amd64 compressed oops)
# Failed to write core dump. Minidumps are not enabled by default on client versions of Windows
#

---------------  T H R E A D  ---------------

Current thread (0x0000000014fd7800):  JavaThread "C2 CompilerThread1" daemon [_thread_in_native, id=11128, stack(0x0000000016740000,0x0000000016840000)]

Stack: [0x0000000016740000,0x0000000016840000]
[error occurred during error reporting (printing stack bounds), id 0xc0000005]

Native frames: (J=compiled Java code, j=interpreted, Vv=VM code, C=native code)


Current CompileTask:
C2:   1143  944       4       com.android.dx.merge.DexMerger::transformDebugInfoItem (313 bytes)


---------------  P R O C E S S  ---------------

Java Threads: ( => current thread )
  0x0000000016974800 JavaThread "Service Thread" daemon [_thread_blocked, id=4700, stack(0x0000000016d40000,0x0000000016e40000)]
  0x0000000014fe4800 JavaThread "C1 CompilerThread2" daemon [_thread_blocked, id=11536, stack(0x0000000016840000,0x0000000016940000)]
=>0x0000000014fd7800 JavaThread "C2 CompilerThread1" daemon [_thread_in_native, id=11128, stack(0x0000000016740000,0x0000000016840000)]
  0x0000000014fd5000 JavaThread "C2 CompilerThread0" daemon [_thread_in_native, id=11784, stack(0x0000000016640000,0x0000000016740000)]
  0x0000000014fd3000 JavaThread "Attach Listener" daemon [_thread_blocked, id=4144, stack(0x0000000016540000,0x0000000016640000)]
  0x0000000014fd1800 JavaThread "Signal Dispatcher" daemon [_thread_blocked, id=11400, stack(0x0000000016440000,0x0000000016540000)]
  0x00000000028fa000 JavaThread "Finalizer" daemon [_thread_blocked, id=1268, stack(0x0000000016230000,0x0000000016330000)]
  0x00000000028f1000 JavaThread "Reference Handler" daemon [_thread_blocked, id=6036, stack(0x0000000016130000,0x0000000016230000)]
  0x0000000002804000 JavaThread "main" [_thread_in_Java, id=10528, stack(0x0000000002690000,0x0000000002790000)]

Other Threads:
  0x0000000014f97000 VMThread [stack: 0x0000000016030000,0x0000000016130000] [id=4668]
  0x0000000016989000 WatcherThread [stack: 0x0000000016e40000,0x0000000016f40000] [id=5164]

VM state:not at safepoint (normal execution)

VM Mutex/Monitor currently owned by a thread: None

Heap:
 PSYoungGen      total 70656K, used 16697K [0x00000000eab00000, 0x00000000f3500000, 0x0000000100000000)
  eden space 65536K, 17% used [0x00000000eab00000,0x00000000eb655bf0,0x00000000eeb00000)
  from space 5120K, 99% used [0x00000000eeb00000,0x00000000eeff8838,0x00000000ef000000)
  to   space 5120K, 0% used [0x00000000f3000000,0x00000000f3000000,0x00000000f3500000)
 ParOldGen       total 86016K, used 34568K [0x00000000c0000000, 0x00000000c5400000, 0x00000000eab00000)
  object space 86016K, 40% used [0x00000000c0000000,0x00000000c21c21d0,0x00000000c5400000)
 Metaspace       used 4398K, capacity 5520K, committed 5760K, reserved 1056768K
  class space    used 474K, capacity 520K, committed 640K, reserved 1048576K

Card table byte_map: [0x0000000011cc0000,0x0000000011ed0000] byte_map_base: 0x00000000116c0000

Marking Bits: (ParMarkBitMap*) 0x000000006f7fa5b0
 Begin Bits: [0x0000000012430000, 0x0000000013430000)
 End Bits:   [0x0000000013430000, 0x0000000014430000)

Polling page: 0x0000000000830000

CodeCache: size=245760Kb used=3170Kb max_used=3188Kb free=242589Kb
 bounds [0x0000000002900000, 0x0000000002c30000, 0x0000000011900000]
 total_blobs=1213 nmethods=950 adapters=176
 compilation: enabled

Compilation events (10 events):
Event: 1.042 Thread 0x0000000014fe4800  965       3       com.android.dx.io.instructions.InstructionCodec$23::decode (90 bytes)
Event: 1.043 Thread 0x0000000014fe4800 nmethod 965 0x0000000002c13610 code [0x0000000002c13860, 0x0000000002c14858]
Event: 1.043 Thread 0x0000000014fe4800  966       3       com.android.dx.io.instructions.InstructionCodec$23::encode (37 bytes)
Event: 1.044 Thread 0x0000000014fe4800 nmethod 966 0x0000000002c15350 code [0x0000000002c15540, 0x0000000002c163b8]
Event: 1.077 Thread 0x0000000014fe4800  967       3       com.android.dx.io.instructions.InstructionCodec$17::decode (46 bytes)
Event: 1.078 Thread 0x0000000014fe4800 nmethod 967 0x0000000002c16a10 code [0x0000000002c16be0, 0x0000000002c17418]
Event: 1.078 Thread 0x0000000014fe4800  968       3       com.android.dx.io.instructions.InstructionCodec$17::encode (29 bytes)
Event: 1.079 Thread 0x0000000014fe4800 nmethod 968 0x0000000002c179d0 code [0x0000000002c17bc0, 0x0000000002c186c8]
Event: 1.087 Thread 0x0000000014fd5000 nmethod 953 0x0000000002c1d350 code [0x0000000002c1d580, 0x0000000002c1f108]
Event: 1.087 Thread 0x0000000014fd5000  954       4       com.android.dx.merge.DexMerger::transformCode (234 bytes)

GC Heap History (6 events):
Event: 0.271 GC heap before
{Heap before GC invocations=1 (full 0):
 PSYoungGen      total 37888K, used 26218K [0x00000000eab00000, 0x00000000ed500000, 0x0000000100000000)
  eden space 32768K, 80% used [0x00000000eab00000,0x00000000ec49aa00,0x00000000ecb00000)
  from space 5120K, 0% used [0x00000000ed000000,0x00000000ed000000,0x00000000ed500000)
  to   space 5120K, 0% used [0x00000000ecb00000,0x00000000ecb00000,0x00000000ed000000)
 ParOldGen       total 86016K, used 0K [0x00000000c0000000, 0x00000000c5400000, 0x00000000eab00000)
  object space 86016K, 0% used [0x00000000c0000000,0x00000000c0000000,0x00000000c5400000)
 Metaspace       used 3659K, capacity 4944K, committed 5120K, reserved 1056768K
  class space    used 404K, capacity 456K, committed 512K, reserved 1048576K
Event: 0.275 GC heap after
Heap after GC invocations=1 (full 0):
 PSYoungGen      total 37888K, used 5108K [0x00000000eab00000, 0x00000000ef500000, 0x0000000100000000)
  eden space 32768K, 0% used [0x00000000eab00000,0x00000000eab00000,0x00000000ecb00000)
  from space 5120K, 99% used [0x00000000ecb00000,0x00000000ecffd0c0,0x00000000ed000000)
  to   space 5120K, 0% used [0x00000000ef000000,0x00000000ef000000,0x00000000ef500000)
 ParOldGen       total 86016K, used 4916K [0x00000000c0000000, 0x00000000c5400000, 0x00000000eab00000)
  object space 86016K, 5% used [0x00000000c0000000,0x00000000c04cd278,0x00000000c5400000)
 Metaspace       used 3659K, capacity 4944K, committed 5120K, reserved 1056768K
  class space    used 404K, capacity 456K, committed 512K, reserved 1048576K
}
Event: 0.567 GC heap before
{Heap before GC invocations=2 (full 0):
 PSYoungGen      total 37888K, used 37876K [0x00000000eab00000, 0x00000000ef500000, 0x0000000100000000)
  eden space 32768K, 100% used [0x00000000eab00000,0x00000000ecb00000,0x00000000ecb00000)
  from space 5120K, 99% used [0x00000000ecb00000,0x00000000ecffd0c0,0x00000000ed000000)
  to   space 5120K, 0% used [0x00000000ef000000,0x00000000ef000000,0x00000000ef500000)
 ParOldGen       total 86016K, used 4916K [0x00000000c0000000, 0x00000000c5400000, 0x00000000eab00000)
  object space 86016K, 5% used [0x00000000c0000000,0x00000000c04cd278,0x00000000c5400000)
 Metaspace       used 3866K, capacity 5008K, committed 5120K, reserved 1056768K
  class space    used 420K, capacity 456K, committed 512K, reserved 1048576K
Event: 0.576 GC heap after
Heap after GC invocations=2 (full 0):
 PSYoungGen      total 70656K, used 5114K [0x00000000eab00000, 0x00000000ef500000, 0x0000000100000000)
  eden space 65536K, 0% used [0x00000000eab00000,0x00000000eab00000,0x00000000eeb00000)
  from space 5120K, 99% used [0x00000000ef000000,0x00000000ef4feab8,0x00000000ef500000)
  to   space 5120K, 0% used [0x00000000eeb00000,0x00000000eeb00000,0x00000000ef000000)
 ParOldGen       total 86016K, used 31200K [0x00000000c0000000, 0x00000000c5400000, 0x00000000eab00000)
  object space 86016K, 36% used [0x00000000c0000000,0x00000000c1e780d8,0x00000000c5400000)
 Metaspace       used 3866K, capacity 5008K, committed 5120K, reserved 1056768K
  class space    used 420K, capacity 456K, committed 512K, reserved 1048576K
}
Event: 1.095 GC heap before
{Heap before GC invocations=3 (full 0):
 PSYoungGen      total 70656K, used 70650K [0x00000000eab00000, 0x00000000ef500000, 0x0000000100000000)
  eden space 65536K, 100% used [0x00000000eab00000,0x00000000eeb00000,0x00000000eeb00000)
  from space 5120K, 99% used [0x00000000ef000000,0x00000000ef4feab8,0x00000000ef500000)
  to   space 5120K, 0% used [0x00000000eeb00000,0x00000000eeb00000,0x00000000ef000000)
 ParOldGen       total 86016K, used 31200K [0x00000000c0000000, 0x00000000c5400000, 0x00000000eab00000)
  object space 86016K, 36% used [0x00000000c0000000,0x00000000c1e780d8,0x00000000c5400000)
 Metaspace       used 4398K, capacity 5520K, committed 5760K, reserved 1056768K
  class space    used 474K, capacity 520K, committed 640K, reserved 1048576K
Event: 1.103 GC heap after
Heap after GC invocations=3 (full 0):
 PSYoungGen      total 70656K, used 5090K [0x00000000eab00000, 0x00000000f3500000, 0x0000000100000000)
  eden space 65536K, 0% used [0x00000000eab00000,0x00000000eab00000,0x00000000eeb00000)
  from space 5120K, 99% used [0x00000000eeb00000,0x00000000eeff8838,0x00000000ef000000)
  to   space 5120K, 0% used [0x00000000f3000000,0x00000000f3000000,0x00000000f3500000)
 ParOldGen       total 86016K, used 34568K [0x00000000c0000000, 0x00000000c5400000, 0x00000000eab00000)
  object space 86016K, 40% used [0x00000000c0000000,0x00000000c21c21d0,0x00000000c5400000)
 Metaspace       used 4398K, capacity 5520K, committed 5760K, reserved 1056768K
  class space    used 474K, capacity 520K, committed 640K, reserved 1048576K
}

Deoptimization events (10 events):
Event: 0.672 Thread 0x0000000002804000 Uncommon trap: reason=class_check action=maybe_recompile pc=0x0000000002aefe5c method=com.android.dx.merge.DexMerger$IdMerger$UnsortedValue.compareTo(Lcom/android/dx/merge/DexMerger$IdMerger$UnsortedValue;)I @ 8
Event: 0.672 Thread 0x0000000002804000 Uncommon trap: reason=class_check action=maybe_recompile pc=0x0000000002aefe5c method=com.android.dx.merge.DexMerger$IdMerger$UnsortedValue.compareTo(Lcom/android/dx/merge/DexMerger$IdMerger$UnsortedValue;)I @ 8
Event: 0.672 Thread 0x0000000002804000 Uncommon trap: reason=class_check action=maybe_recompile pc=0x0000000002aefe5c method=com.android.dx.merge.DexMerger$IdMerger$UnsortedValue.compareTo(Lcom/android/dx/merge/DexMerger$IdMerger$UnsortedValue;)I @ 8
Event: 0.672 Thread 0x0000000002804000 Uncommon trap: reason=class_check action=maybe_recompile pc=0x0000000002aefe5c method=com.android.dx.merge.DexMerger$IdMerger$UnsortedValue.compareTo(Lcom/android/dx/merge/DexMerger$IdMerger$UnsortedValue;)I @ 8
Event: 0.672 Thread 0x0000000002804000 Uncommon trap: reason=class_check action=maybe_recompile pc=0x0000000002adf8f8 method=com.android.dx.merge.DexMerger$IdMerger$UnsortedValue.compareTo(Lcom/android/dx/merge/DexMerger$IdMerger$UnsortedValue;)I @ 8
Event: 0.691 Thread 0x0000000002804000 Uncommon trap: reason=unstable_if action=reinterpret pc=0x0000000002b4d7ec method=com.android.dex.EncodedValue.compareTo(Lcom/android/dex/EncodedValue;)I @ 18
Event: 0.734 Thread 0x0000000002804000 Uncommon trap: reason=unstable_if action=reinterpret pc=0x0000000002b429cc method=com.android.dex.EncodedValueCodec.writeUnsignedIntegralValue(Lcom/android/dex/util/ByteOutput;IJ)V @ 11
Event: 0.736 Thread 0x0000000002804000 Uncommon trap: reason=unstable_if action=reinterpret pc=0x0000000002b46590 method=com.android.dex.EncodedValueCodec.readUnsignedInt(Lcom/android/dex/util/ByteInput;IZ)I @ 3
Event: 0.818 Thread 0x0000000002804000 Uncommon trap: reason=unstable_if action=reinterpret pc=0x0000000002b11c08 method=java.util.HashMap.getNode(ILjava/lang/Object;)Ljava/util/HashMap$Node; @ 84
Event: 0.840 Thread 0x0000000002804000 Uncommon trap: reason=unstable_if action=reinterpret pc=0x0000000002af1bb0 method=java.util.HashMap.getNode(ILjava/lang/Object;)Ljava/util/HashMap$Node; @ 84

Internal exceptions (2 events):
Event: 0.046 Thread 0x0000000002804000 Exception <a 'java/lang/NoSuchMethodError': Method sun.misc.Unsafe.defineClass(Ljava/lang/String;[BII)Ljava/lang/Class; name or signature does not match> (0x00000000eab0f3e8) thrown at [C:\re\workspace\8-2-build-windows-amd64-cygwin\jdk8u60\4407\hotspot\sr$¼˜Á§?
Event: 0.046 Thread 0x0000000002804000 Exception <a 'java/lang/NoSuchMethodError': Method sun.misc.Unsafe.prefetchRead(Ljava/lang/Object;J)V name or signature does not match> (0x00000000eab0f6d0) thrown at [C:\re\workspace\8-2-build-windows-amd64-cygwin\jdk8u60\4407\hotspot\src\share\vm\prims\j

Events (10 events):
Event: 0.888 Thread 0x0000000002804000 DEOPT PACKING pc=0x0000000002bc3564 sp=0x000000000278ee50
Event: 0.888 Thread 0x0000000002804000 DEOPT UNPACKING pc=0x000000000294787f sp=0x000000000278eb68 mode 0
Event: 0.894 Thread 0x0000000002804000 DEOPT PACKING pc=0x0000000002b6cce5 sp=0x000000000278ee00
Event: 0.894 Thread 0x0000000002804000 DEOPT UNPACKING pc=0x000000000294787f sp=0x000000000278eb30 mode 0
Event: 0.900 Thread 0x0000000002804000 DEOPT PACKING pc=0x0000000002b6cce5 sp=0x000000000278edd0
Event: 0.900 Thread 0x0000000002804000 DEOPT UNPACKING pc=0x000000000294787f sp=0x000000000278eb00 mode 0
Event: 0.960 loading class com/android/dex/Dex$1
Event: 0.960 loading class com/android/dex/Dex$1 done
Event: 1.095 Executing VM operation: ParallelGCFailedAllocation
Event: 1.103 Executing VM operation: ParallelGCFailedAllocation done


Dynamic libraries:
0x00007ff7f4fc0000 - 0x00007ff7f4ff7000 	C:\PROGRA~1\Java\JDK18~1.0_6\bin\java.exe
0x00007ff9d64a0000 - 0x00007ff9d6690000 	C:\WINDOWS\SYSTEM32\ntdll.dll
0x00007ff9d60f0000 - 0x00007ff9d61a2000 	C:\WINDOWS\System32\KERNEL32.DLL
0x00007ff9d36e0000 - 0x00007ff9d3985000 	C:\WINDOWS\System32\KERNELBASE.dll
0x00007ff9d0810000 - 0x00007ff9d089f000 	C:\WINDOWS\SYSTEM32\apphelp.dll
0x00007ff9d3d60000 - 0x00007ff9d3e03000 	C:\WINDOWS\System32\ADVAPI32.dll
0x00007ff9d6040000 - 0x00007ff9d60de000 	C:\WINDOWS\System32\msvcrt.dll
0x00007ff9d5ed0000 - 0x00007ff9d5f67000 	C:\WINDOWS\System32\sechost.dll
0x00007ff9d4760000 - 0x00007ff9d4880000 	C:\WINDOWS\System32\RPCRT4.dll
0x00007ff9d4380000 - 0x00007ff9d4514000 	C:\WINDOWS\System32\USER32.dll
0x00007ff9d3b90000 - 0x00007ff9d3bb1000 	C:\WINDOWS\System32\win32u.dll
0x00007ff9d5360000 - 0x00007ff9d5386000 	C:\WINDOWS\System32\GDI32.dll
0x00007ff9d2b90000 - 0x00007ff9d2d26000 	C:\WINDOWS\System32\gdi32full.dll
0x00007ff9d2aa0000 - 0x00007ff9d2b3e000 	C:\WINDOWS\System32\msvcp_win.dll
0x00007ff9d3560000 - 0x00007ff9d365a000 	C:\WINDOWS\System32\ucrtbase.dll
0x00007ff9c3010000 - 0x00007ff9c3294000 	C:\WINDOWS\WinSxS\amd64_microsoft.windows.common-controls_6595b64144ccf1df_6.0.18362.1139_none_9e7bf2d3e4605ac6\COMCTL32.dll
0x00007ff9d5950000 - 0x00007ff9d5c85000 	C:\WINDOWS\System32\combase.dll
0x00007ff9d3660000 - 0x00007ff9d36e0000 	C:\WINDOWS\System32\bcryptPrimitives.dll
0x00007ff9d5390000 - 0x00007ff9d53be000 	C:\WINDOWS\System32\IMM32.DLL
0x000000006f880000 - 0x000000006f952000 	C:\PROGRA~1\Java\JDK18~1.0_6\jre\bin\msvcr100.dll
0x000000006eff0000 - 0x000000006f879000 	C:\PROGRA~1\Java\JDK18~1.0_6\jre\bin\server\jvm.dll
0x00007ff9d4750000 - 0x00007ff9d4758000 	C:\WINDOWS\System32\PSAPI.DLL
0x00007ff9cbd70000 - 0x00007ff9cbd79000 	C:\WINDOWS\SYSTEM32\WSOCK32.dll
0x00007ff9d06a0000 - 0x00007ff9d06c4000 	C:\WINDOWS\SYSTEM32\WINMM.dll
0x00007ff9d14d0000 - 0x00007ff9d14da000 	C:\WINDOWS\SYSTEM32\VERSION.dll
0x00007ff9d5d10000 - 0x00007ff9d5d7f000 	C:\WINDOWS\System32\WS2_32.dll
0x00007ff9d0570000 - 0x00007ff9d059d000 	C:\WINDOWS\SYSTEM32\winmmbase.dll
0x00007ff9d2b40000 - 0x00007ff9d2b8a000 	C:\WINDOWS\System32\cfgmgr32.dll
0x000000006efe0000 - 0x000000006efef000 	C:\PROGRA~1\Java\JDK18~1.0_6\jre\bin\verify.dll
0x000000006efb0000 - 0x000000006efd9000 	C:\PROGRA~1\Java\JDK18~1.0_6\jre\bin\java.dll
0x000000006ef90000 - 0x000000006efa6000 	C:\PROGRA~1\Java\JDK18~1.0_6\jre\bin\zip.dll
0x00007ff9d4c70000 - 0x00007ff9d5357000 	C:\WINDOWS\System32\SHELL32.dll
0x00007ff9d5f70000 - 0x00007ff9d6019000 	C:\WINDOWS\System32\shcore.dll
0x00007ff9d2d30000 - 0x00007ff9d34b0000 	C:\WINDOWS\System32\windows.storage.dll
0x00007ff9d2a70000 - 0x00007ff9d2a93000 	C:\WINDOWS\System32\profapi.dll
0x00007ff9d29e0000 - 0x00007ff9d2a2a000 	C:\WINDOWS\System32\powrprof.dll
0x00007ff9d29d0000 - 0x00007ff9d29e0000 	C:\WINDOWS\System32\UMPDC.dll
0x00007ff9d3bc0000 - 0x00007ff9d3c12000 	C:\WINDOWS\System32\shlwapi.dll
0x00007ff9d2a30000 - 0x00007ff9d2a41000 	C:\WINDOWS\System32\kernel.appcore.dll
0x00007ff9d3990000 - 0x00007ff9d39a7000 	C:\WINDOWS\System32\cryptsp.dll

VM Arguments:
jvm_args: -Xmx1024M -Xss1m -Djava.ext.dirs=G:\Backup\Embarcadero\Studio\20.0\CatalogRepository\AndroidSDK-2525_20.0.36039.7899\build-tools\28.0.2\lib 
java_command: G:\Backup\Embarcadero\Studio\20.0\CatalogRepository\AndroidSDK-2525_20.0.36039.7899\build-tools\28.0.2\lib\dx.jar --dex --output C:\Programacao\SysCedup\Fonte\Android\Debug\classes.dex c:\program files (x86)\embarcadero\studio\20.0\lib\android\Debug\android-support-v4.dex.jar c:\program files (x86)\embarcadero\studio\20.0\lib\android\Debug\cloud-messaging.dex.jar c:\program files (x86)\embarcadero\studio\20.0\lib\android\Debug\com-google-android-gms.play-services-ads-base.17.2.0.dex.jar c:\program files (x86)\embarcadero\studio\20.0\lib\android\Debug\com-google-android-gms.play-services-ads-identifier.16.0.0.dex.jar c:\program files (x86)\embarcadero\studio\20.0\lib\android\Debug\com-google-android-gms.play-services-ads-lite.17.2.0.dex.jar c:\program files (x86)\embarcadero\studio\20.0\lib\android\Debug\com-google-android-gms.play-services-ads.17.2.0.dex.jar c:\program files (x86)\embarcadero\studio\20.0\lib\android\Debug\com-google-android-gms.play-services-analytics-impl.16.0.8.dex.jar c:\program files (x86)\embarcadero\studio\20.0\lib\android\Debug\com-google-android-gms.play-services-analytics.16.0.8.dex.jar c:\program files (x86)\embarcadero\studio\20.0\lib\android\Debug\com-google-android-gms.play-services-base.16.0.1.dex.jar c:\program files (x86)\embarcadero\studio\20.0\lib\android\Debug\com-google-android-gms.play-services-basement.16.2.0.dex.jar c:\program files (x86)\embarcadero\studio\20.0\lib\android\Debug\com-google-android-gms.play-services-gass.17.2.0.dex.jar c:\program files (x86)\embarcadero\studio\20.0\lib\android\Debug\com-google-android-gms.play-services-identity.16.0.0.dex.jar c:\program files (x86)\embarcadero\studio\20.0\lib\android\Debug\com-google-android-gms.play-services-maps.16.1.0.dex.jar c:\program files (x86)\embarcadero\studio\20.0\lib\android\Debug\com-google-android-gms.play-services-measurement-base.16.4.0.dex.jar c:\program files (x86)\embarcadero\studio\20.0\lib\android\Debug\com-google-android-gms.play-services-
java_class_path (initial): G:\Backup\Embarcadero\Studio\20.0\CatalogRepository\AndroidSDK-2525_20.0.36039.7899\build-tools\28.0.2\lib\dx.jar
Launcher Type: SUN_STANDARD

Environment Variables:
PATH=C:\Program Files\Java\jdk1.8.0_60\bin;C:\Users\Public\Documents\Embarcadero\InterBase\redist\InterBase2020\IDE_spoof;C:\Python39\Scripts\;C:\Python39\;C:\Program Files (x86)\Common Files\Oracle\Java\javapath;C:\Program Files (x86)\Common Files\Intel\Shared Libraries\redist\intel64\compiler;G:\Arquivos\Program Files (x86)\Embarcadero\Studio\20.0\bin;C:\Users\Public\Documents\Embarcadero\Studio\20.0\Bpl;G:\Arquivos\Program Files (x86)\Embarcadero\Studio\20.0\bin64;C:\Users\Public\Documents\Embarcadero\Studio\20.0\Bpl\Win64;C:\Program Files (x86)\Embarcadero\Studio\20.0\bin;C:\Users\Public\Documents\Embarcadero\Studio\20.0\Bpl;C:\Program Files (x86)\Embarcadero\Studio\20.0\bin64;C:\Users\Public\Documents\Embarcadero\Studio\20.0\Bpl\Win64;G:\Arquivos de Instalação\Node JS\;C:\ProgramData\chocolatey\bin;G:\Arquivos de Instalação\Delphi New\documents\Embarcadero\Studio\20.0\Bpl;C:\Program Files\MySQL\MySQL Shell 8.0\bin\;C:\Users\Luiz\AppData\Local\Microsoft\WindowsApps;G:\Arquivos de Instalação\Delphi New\documents\Embarcadero\Studio\20.0\PlatformSDKs\android-sdk-windows\platform-tools;G:\Arquivos de Instalação\Microsoft VS Code\bin;C:\Users\Luiz\AppData\Roaming\npm 
USERNAME=Luiz
OS=Windows_NT
PROCESSOR_IDENTIFIER=Intel64 Family 6 Model 58 Stepping 9, GenuineIntel



---------------  S Y S T E M  ---------------

OS: Windows 10.0 , 64 bit Build 18362 (10.0.18362.1110)

CPU:total 4 (2 cores per cpu, 2 threads per core) family 6 model 58 stepping 9, cmov, cx8, fxsr, mmx, sse, sse2, sse3, ssse3, sse4.1, sse4.2, popcnt, avx, aes, clmul, erms, ht, tsc, tscinvbit, tscinv

Memory: 4k page, physical 8202600k(1247288k free), swap 8202600k(4116k free)

vm_info: Java HotSpot(TM) 64-Bit Server VM (25.60-b23) for windows-amd64 JRE (1.8.0_60-b27), built on Aug  4 2015 11:06:27 by "java_re" with MS VC++ 10.0 (VS2010)

time: Mon Nov 16 18:59:43 2020
elapsed time: 1 seconds (0d 0h 0m 1s)

